<?xml version="1.0" encoding="UTF-8"?>
<!-- Generated by org.testng.reporters.JUnitXMLReporter -->
<testsuite ignored="0" hostname="DESKTOP-UBR4M3D" failures="0" tests="4" name="Test" time="12.059" errors="0" timestamp="2023-04-06T08:54:18 IST">
  <testcase classname="Test_class.Put_tc1" name="orchestrator" time="7.543"/>
  <testcase classname="Test_class.Get_tc1" name="orchestrator" time="1.614"/>
  <testcase classname="Test_class.post_tc1" name="orchestrator" time="1.313"/>
  <testcase classname="Test_class.Patch_tc1" name="orchestrator" time="1.246"/>
</testsuite> <!-- Test -->
