<?xml version="1.0" encoding="UTF-8"?>
<!-- Generated by org.testng.reporters.JUnitXMLReporter -->
<testsuite ignored="0" hostname="DESKTOP-UBR4M3D" failures="1" tests="1" name="Test" time="0.58" errors="0" timestamp="2023-04-05T12:14:02 IST">
  <testcase classname="Test_class.post_tc1" name="orchestrator" time="0.329">
    <failure type="java.io.FileNotFoundException" message="C:\Users\admin\Documents\test_data.xlsx (The system cannot find the file specified)">
      <![CDATA[java.io.FileNotFoundException: C:\Users\admin\Documents\test_data.xlsx (The system cannot find the file specified)
at java.base/java.io.FileInputStream.open0(Native Method)
at java.base/java.io.FileInputStream.open(FileInputStream.java:216)
at java.base/java.io.FileInputStream.<init>(FileInputStream.java:157)
at java.base/java.io.FileInputStream.<init>(FileInputStream.java:111)
at Common_method.getData.getdataExcel(getData.java:22)
at Req_repository.post_request_repository.post_request_tc1(post_request_repository.java:23)
at Test_class.post_tc1.orchestrator(post_tc1.java:21)
at java.base/java.util.ArrayList.forEach(ArrayList.java:1511)
... Removed 27 stack frames]]>
    </failure>
  </testcase> <!-- orchestrator -->
</testsuite> <!-- Test -->
