<?xml version="1.0" encoding="UTF-8"?>
<testng-results ignored="0" total="4" passed="4" failed="0" skipped="0">
  <reporter-output>
  </reporter-output>
  <suite started-at="2023-04-06T08:54:06 IST" name="Suite" finished-at="2023-04-06T08:54:18 IST" duration-ms="12059">
    <groups>
    </groups>
    <test started-at="2023-04-06T08:54:06 IST" name="Test" finished-at="2023-04-06T08:54:18 IST" duration-ms="12059">
      <class name="Test_class.Patch_tc1">
        <test-method signature="orchestrator()[pri:0, instance:Test_class.Patch_tc1@119cbf96]" started-at="2023-04-06T08:54:17 IST" name="orchestrator" finished-at="2023-04-06T08:54:18 IST" duration-ms="1246" status="PASS">
          <reporter-output>
          </reporter-output>
        </test-method> <!-- orchestrator -->
      </class> <!-- Test_class.Patch_tc1 -->
      <class name="Test_class.post_tc1">
        <test-method signature="orchestrator()[pri:0, instance:Test_class.post_tc1@6f19ac19]" started-at="2023-04-06T08:54:15 IST" name="orchestrator" finished-at="2023-04-06T08:54:17 IST" duration-ms="1313" status="PASS">
          <reporter-output>
          </reporter-output>
        </test-method> <!-- orchestrator -->
      </class> <!-- Test_class.post_tc1 -->
      <class name="Test_class.Get_tc1">
        <test-method signature="orchestrator()[pri:0, instance:Test_class.Get_tc1@1bd39d3c]" started-at="2023-04-06T08:54:14 IST" name="orchestrator" finished-at="2023-04-06T08:54:15 IST" duration-ms="1614" status="PASS">
          <reporter-output>
          </reporter-output>
        </test-method> <!-- orchestrator -->
      </class> <!-- Test_class.Get_tc1 -->
      <class name="Test_class.Put_tc1">
        <test-method signature="orchestrator()[pri:0, instance:Test_class.Put_tc1@68dc098b]" started-at="2023-04-06T08:54:06 IST" name="orchestrator" finished-at="2023-04-06T08:54:13 IST" duration-ms="7543" status="PASS">
          <reporter-output>
          </reporter-output>
        </test-method> <!-- orchestrator -->
      </class> <!-- Test_class.Put_tc1 -->
    </test> <!-- Test -->
  </suite> <!-- Suite -->
</testng-results>
